[2017-02-14 11:23:00.163] [ERROR] normal - thirdScriptError
ddd is not defined;at "pages/index/index" page lifeCycleMethod onShow function
ReferenceError: ddd is not defined
    at e.onShow (http://1425521106.appservice.open.weixin.qq.com/pages/index/index.js:299:10)
    at e.<anonymous> (http://1425521106.appservice.open.weixin.qq.com/WAService.js:3:28856)
    at w (http://1425521106.appservice.open.weixin.qq.com/WAService.js:3:19265)
    at T (http://1425521106.appservice.open.weixin.qq.com/WAService.js:3:20809)
    at .<anonymous> (http://1425521106.appservice.open.weixin.qq.com/WAService.js:3:22347)
    at http://1425521106.appservice.open.weixin.qq.com/WAService.js:3:26239
    at http://1425521106.appservice.open.weixin.qq.com/WAService.js:1:30174
    at Array.forEach (native)
    at .<anonymous> (http://1425521106.appservice.open.weixin.qq.com/WAService.js:1:30154)
    at http://1425521106.appservice.open.weixin.qq.com/WAService.js:2:6460
[2017-02-14 11:23:18.252] [ERROR] normal - thirdScriptError
ddd is not defined;at "pages/index/index" page lifeCycleMethod onShow function
ReferenceError: ddd is not defined
    at e.onShow (http://1425521106.appservice.open.weixin.qq.com/pages/index/index.js:299:10)
    at e.<anonymous> (http://1425521106.appservice.open.weixin.qq.com/WAService.js:3:28856)
    at w (http://1425521106.appservice.open.weixin.qq.com/WAService.js:3:19265)
    at T (http://1425521106.appservice.open.weixin.qq.com/WAService.js:3:20809)
    at .<anonymous> (http://1425521106.appservice.open.weixin.qq.com/WAService.js:3:22347)
    at http://1425521106.appservice.open.weixin.qq.com/WAService.js:3:26239
    at http://1425521106.appservice.open.weixin.qq.com/WAService.js:1:30174
    at Array.forEach (native)
    at .<anonymous> (http://1425521106.appservice.open.weixin.qq.com/WAService.js:1:30154)
    at http://1425521106.appservice.open.weixin.qq.com/WAService.js:2:6460
[2017-02-14 11:28:05.413] [ERROR] normal - showToast:fail parameter error: parameter.title should be String instead of Object;
[2017-02-14 11:28:08.661] [ERROR] normal - showToast:fail parameter error: parameter.title should be String instead of Object;
[2017-02-14 11:28:30.404] [ERROR] normal - thirdScriptError
Cannot read property 'latitude' of undefined;at api request success callback function
TypeError: Cannot read property 'latitude' of undefined
    at success (http://1425521106.appservice.open.weixin.qq.com/pages/orderDetail/orderDetail.js:257:91)
    at Object.success (http://1425521106.appservice.open.weixin.qq.com/WAService.js:1:2908)
    at http://1425521106.appservice.open.weixin.qq.com/WAService.js:2:4966
    at XMLHttpRequest.l.onreadystatechange (http://1425521106.appservice.open.weixin.qq.com/asdebug.js:1:16244)
[2017-02-14 11:28:32.271] [ERROR] normal - thirdScriptError
Cannot read property 'latitude' of undefined;at api request success callback function
TypeError: Cannot read property 'latitude' of undefined
    at success (http://1425521106.appservice.open.weixin.qq.com/pages/orderDetail/orderDetail.js:257:91)
    at Object.success (http://1425521106.appservice.open.weixin.qq.com/WAService.js:1:2908)
    at http://1425521106.appservice.open.weixin.qq.com/WAService.js:2:4966
    at XMLHttpRequest.l.onreadystatechange (http://1425521106.appservice.open.weixin.qq.com/asdebug.js:1:16244)
[2017-02-14 11:28:32.856] [ERROR] normal - thirdScriptError
Cannot read property 'latitude' of undefined;at api request success callback function
TypeError: Cannot read property 'latitude' of undefined
    at success (http://1425521106.appservice.open.weixin.qq.com/pages/orderDetail/orderDetail.js:257:91)
    at Object.success (http://1425521106.appservice.open.weixin.qq.com/WAService.js:1:2908)
    at http://1425521106.appservice.open.weixin.qq.com/WAService.js:2:4966
    at XMLHttpRequest.l.onreadystatechange (http://1425521106.appservice.open.weixin.qq.com/asdebug.js:1:16244)
[2017-02-14 13:00:24.395] [ERROR] normal - thirdScriptError
Cannot read property 'latitude' of undefined;at api request success callback function
TypeError: Cannot read property 'latitude' of undefined
    at success (http://1425521106.appservice.open.weixin.qq.com/pages/orderDetail/orderDetail.js:257:91)
    at Object.success (http://1425521106.appservice.open.weixin.qq.com/WAService.js:1:2908)
    at http://1425521106.appservice.open.weixin.qq.com/WAService.js:2:4966
    at XMLHttpRequest.l.onreadystatechange (http://1425521106.appservice.open.weixin.qq.com/asdebug.js:1:16244)
[2017-02-14 14:35:35.421] [ERROR] normal - thirdScriptError
Cannot read property 'latitude' of undefined;at api request success callback function
TypeError: Cannot read property 'latitude' of undefined
    at success (http://1425521106.appservice.open.weixin.qq.com/pages/orderDetail/orderDetail.js:257:91)
    at Object.success (http://1425521106.appservice.open.weixin.qq.com/WAService.js:1:2908)
    at http://1425521106.appservice.open.weixin.qq.com/WAService.js:2:4966
    at XMLHttpRequest.l.onreadystatechange (http://1425521106.appservice.open.weixin.qq.com/asdebug.js:1:16244)
